<?xml version="1.0" encoding="UTF-8"?>
<!-- Generated by org.testng.reporters.JUnitXMLReporter -->
<testsuite ignored="1" hostname="DESKTOP-PF03QUE" failures="0" tests="1" name="Facebook Login" time="0.075" errors="0" timestamp="2022-05-03T08:24:21 IST">
  <testcase classname="com.testNG.FacebookLogin" name="WebLogin" time="0.012"/>
  <testcase classname="com.testNG.FacebookLogin" name="MobileLogin" time="0.0">
    <ignored/>
  </testcase> <!-- MobileLogin -->
</testsuite> <!-- Facebook Login -->
