<?xml version="1.0" encoding="UTF-8"?>
<!-- Generated by org.testng.reporters.JUnitXMLReporter -->
<testsuite ignored="1" hostname="DESKTOP-PF03QUE" failures="0" tests="1" name="Netbanking Login" time="0.008" errors="0" timestamp="2022-05-03T08:24:21 IST">
  <testcase classname="com.testNG.Netbanking" name="MobileLoginBanking" time="0.002"/>
  <testcase classname="com.testNG.Netbanking" name="WebLoginBanking" time="0.0">
    <ignored/>
  </testcase> <!-- WebLoginBanking -->
</testsuite> <!-- Netbanking Login -->
